<?xml version="1.0" encoding="UTF-8"?>
<coverage generated="1749509535958" clover="3.2.0">
  <project timestamp="1749509535958" name="All files">
    <metrics statements="407" coveredstatements="327" conditionals="21" coveredconditionals="19" methods="26" coveredmethods="13" elements="454" coveredelements="359" complexity="0" loc="407" ncloc="407" packages="3" files="7" classes="7"/>
    <package name="components">
      <metrics statements="297" coveredstatements="284" conditionals="15" coveredconditionals="14" methods="12" coveredmethods="8"/>
      <file name="AppButton.jsx" path="/Users/vt_op/Desktop/ai-code-review/client/src/components/AppButton.jsx">
        <metrics statements="28" coveredstatements="28" conditionals="5" coveredconditionals="5" methods="1" coveredmethods="1"/>
        <line num="1" count="1" type="stmt"/>
        <line num="3" count="69" type="cond" truecount="1" falsecount="0"/>
        <line num="4" count="69" type="stmt"/>
        <line num="5" count="69" type="stmt"/>
        <line num="6" count="69" type="stmt"/>
        <line num="7" count="69" type="stmt"/>
        <line num="8" count="69" type="stmt"/>
        <line num="9" count="69" type="stmt"/>
        <line num="10" count="69" type="stmt"/>
        <line num="11" count="69" type="stmt"/>
        <line num="12" count="69" type="stmt"/>
        <line num="13" count="69" type="stmt"/>
        <line num="14" count="69" type="stmt"/>
        <line num="15" count="69" type="stmt"/>
        <line num="16" count="69" type="stmt"/>
        <line num="17" count="69" type="stmt"/>
        <line num="18" count="69" type="stmt"/>
        <line num="19" count="69" type="stmt"/>
        <line num="20" count="69" type="stmt"/>
        <line num="21" count="69" type="stmt"/>
        <line num="22" count="69" type="cond" truecount="2" falsecount="0"/>
        <line num="23" count="69" type="stmt"/>
        <line num="24" count="69" type="stmt"/>
        <line num="25" count="69" type="stmt"/>
        <line num="26" count="69" type="stmt"/>
        <line num="28" count="69" type="cond" truecount="2" falsecount="0"/>
        <line num="29" count="69" type="stmt"/>
        <line num="31" count="69" type="stmt"/>
      </file>
      <file name="AppLink.jsx" path="/Users/vt_op/Desktop/ai-code-review/client/src/components/AppLink.jsx">
        <metrics statements="22" coveredstatements="22" conditionals="1" coveredconditionals="1" methods="1" coveredmethods="1"/>
        <line num="1" count="1" type="stmt"/>
        <line num="2" count="1" type="stmt"/>
        <line num="4" count="69" type="cond" truecount="1" falsecount="0"/>
        <line num="5" count="69" type="stmt"/>
        <line num="6" count="69" type="stmt"/>
        <line num="7" count="69" type="stmt"/>
        <line num="8" count="69" type="stmt"/>
        <line num="9" count="69" type="stmt"/>
        <line num="10" count="69" type="stmt"/>
        <line num="11" count="69" type="stmt"/>
        <line num="12" count="69" type="stmt"/>
        <line num="13" count="69" type="stmt"/>
        <line num="14" count="69" type="stmt"/>
        <line num="15" count="69" type="stmt"/>
        <line num="16" count="69" type="stmt"/>
        <line num="17" count="69" type="stmt"/>
        <line num="18" count="69" type="stmt"/>
        <line num="19" count="69" type="stmt"/>
        <line num="20" count="69" type="stmt"/>
        <line num="22" count="69" type="stmt"/>
        <line num="23" count="69" type="stmt"/>
        <line num="25" count="69" type="stmt"/>
      </file>
      <file name="Navbar.jsx" path="/Users/vt_op/Desktop/ai-code-review/client/src/components/Navbar.jsx">
        <metrics statements="102" coveredstatements="90" conditionals="3" coveredconditionals="3" methods="5" coveredmethods="1"/>
        <line num="1" count="1" type="stmt"/>
        <line num="2" count="1" type="stmt"/>
        <line num="3" count="1" type="stmt"/>
        <line num="5" count="69" type="cond" truecount="1" falsecount="0"/>
        <line num="6" count="69" type="stmt"/>
        <line num="7" count="69" type="stmt"/>
        <line num="9" count="69" type="stmt"/>
        <line num="10" count="69" type="stmt"/>
        <line num="11" count="69" type="stmt"/>
        <line num="12" count="69" type="stmt"/>
        <line num="13" count="69" type="stmt"/>
        <line num="14" count="69" type="stmt"/>
        <line num="15" count="69" type="stmt"/>
        <line num="16" count="69" type="stmt"/>
        <line num="17" count="69" type="stmt"/>
        <line num="18" count="69" type="stmt"/>
        <line num="19" count="69" type="stmt"/>
        <line num="20" count="69" type="stmt"/>
        <line num="22" count="69" type="stmt"/>
        <line num="23" count="69" type="stmt"/>
        <line num="24" count="69" type="stmt"/>
        <line num="25" count="69" type="stmt"/>
        <line num="26" count="69" type="stmt"/>
        <line num="27" count="69" type="stmt"/>
        <line num="28" count="69" type="stmt"/>
        <line num="29" count="69" type="stmt"/>
        <line num="30" count="0" type="stmt"/>
        <line num="31" count="0" type="stmt"/>
        <line num="32" count="69" type="stmt"/>
        <line num="34" count="69" type="stmt"/>
        <line num="35" count="69" type="stmt"/>
        <line num="36" count="69" type="stmt"/>
        <line num="37" count="69" type="stmt"/>
        <line num="38" count="69" type="stmt"/>
        <line num="39" count="69" type="stmt"/>
        <line num="40" count="69" type="stmt"/>
        <line num="41" count="69" type="stmt"/>
        <line num="42" count="69" type="stmt"/>
        <line num="43" count="69" type="stmt"/>
        <line num="44" count="69" type="stmt"/>
        <line num="45" count="69" type="stmt"/>
        <line num="46" count="69" type="stmt"/>
        <line num="47" count="69" type="stmt"/>
        <line num="48" count="69" type="stmt"/>
        <line num="49" count="0" type="stmt"/>
        <line num="50" count="0" type="stmt"/>
        <line num="51" count="69" type="stmt"/>
        <line num="53" count="69" type="stmt"/>
        <line num="54" count="69" type="stmt"/>
        <line num="55" count="69" type="stmt"/>
        <line num="56" count="69" type="stmt"/>
        <line num="57" count="69" type="stmt"/>
        <line num="58" count="69" type="stmt"/>
        <line num="59" count="69" type="stmt"/>
        <line num="60" count="69" type="stmt"/>
        <line num="61" count="69" type="stmt"/>
        <line num="62" count="69" type="stmt"/>
        <line num="63" count="69" type="stmt"/>
        <line num="64" count="69" type="stmt"/>
        <line num="65" count="69" type="stmt"/>
        <line num="66" count="69" type="stmt"/>
        <line num="67" count="0" type="stmt"/>
        <line num="68" count="0" type="stmt"/>
        <line num="69" count="0" type="stmt"/>
        <line num="70" count="0" type="stmt"/>
        <line num="71" count="0" type="stmt"/>
        <line num="72" count="0" type="stmt"/>
        <line num="73" count="69" type="stmt"/>
        <line num="75" count="69" type="stmt"/>
        <line num="76" count="69" type="cond" truecount="1" falsecount="0"/>
        <line num="77" count="1" type="stmt"/>
        <line num="78" count="1" type="stmt"/>
        <line num="79" count="1" type="stmt"/>
        <line num="80" count="1" type="stmt"/>
        <line num="81" count="1" type="stmt"/>
        <line num="82" count="1" type="stmt"/>
        <line num="83" count="1" type="stmt"/>
        <line num="84" count="1" type="stmt"/>
        <line num="85" count="1" type="stmt"/>
        <line num="86" count="1" type="stmt"/>
        <line num="88" count="1" type="stmt"/>
        <line num="89" count="1" type="cond" truecount="1" falsecount="0"/>
        <line num="91" count="68" type="stmt"/>
        <line num="92" count="68" type="stmt"/>
        <line num="93" count="0" type="stmt"/>
        <line num="94" count="0" type="stmt"/>
        <line num="95" count="68" type="stmt"/>
        <line num="96" count="68" type="stmt"/>
        <line num="97" count="68" type="stmt"/>
        <line num="98" count="68" type="stmt"/>
        <line num="99" count="68" type="stmt"/>
        <line num="100" count="68" type="stmt"/>
        <line num="101" count="68" type="stmt"/>
        <line num="102" count="68" type="stmt"/>
        <line num="103" count="68" type="stmt"/>
        <line num="104" count="68" type="stmt"/>
        <line num="105" count="68" type="stmt"/>
        <line num="106" count="68" type="stmt"/>
        <line num="108" count="68" type="stmt"/>
        <line num="110" count="69" type="stmt"/>
        <line num="111" count="69" type="stmt"/>
        <line num="113" count="69" type="stmt"/>
      </file>
      <file name="Signin.jsx" path="/Users/vt_op/Desktop/ai-code-review/client/src/components/Signin.jsx">
        <metrics statements="145" coveredstatements="144" conditionals="6" coveredconditionals="5" methods="5" coveredmethods="5"/>
        <line num="1" count="1" type="stmt"/>
        <line num="2" count="1" type="stmt"/>
        <line num="3" count="1" type="stmt"/>
        <line num="4" count="1" type="stmt"/>
        <line num="5" count="1" type="stmt"/>
        <line num="6" count="1" type="stmt"/>
        <line num="7" count="1" type="stmt"/>
        <line num="8" count="1" type="stmt"/>
        <line num="10" count="69" type="cond" truecount="1" falsecount="0"/>
        <line num="11" count="69" type="stmt"/>
        <line num="12" count="69" type="stmt"/>
        <line num="13" count="69" type="stmt"/>
        <line num="14" count="69" type="stmt"/>
        <line num="15" count="69" type="stmt"/>
        <line num="16" count="69" type="stmt"/>
        <line num="18" count="69" type="cond" truecount="1" falsecount="0"/>
        <line num="19" count="1" type="stmt"/>
        <line num="21" count="1" type="stmt"/>
        <line num="22" count="1" type="stmt"/>
        <line num="23" count="1" type="stmt"/>
        <line num="24" count="1" type="stmt"/>
        <line num="25" count="1" type="stmt"/>
        <line num="26" count="1" type="stmt"/>
        <line num="28" count="1" type="stmt"/>
        <line num="29" count="1" type="stmt"/>
        <line num="30" count="1" type="stmt"/>
        <line num="32" count="1" type="stmt"/>
        <line num="34" count="1" type="stmt"/>
        <line num="35" count="1" type="cond" truecount="0" falsecount="1"/>
        <line num="36" count="0" type="stmt"/>
        <line num="37" count="1" type="stmt"/>
        <line num="38" count="1" type="stmt"/>
        <line num="39" count="1" type="stmt"/>
        <line num="40" count="1" type="stmt"/>
        <line num="42" count="69" type="stmt"/>
        <line num="43" count="69" type="stmt"/>
        <line num="44" count="69" type="stmt"/>
        <line num="45" count="69" type="stmt"/>
        <line num="46" count="69" type="stmt"/>
        <line num="47" count="69" type="stmt"/>
        <line num="48" count="69" type="stmt"/>
        <line num="49" count="69" type="stmt"/>
        <line num="50" count="69" type="stmt"/>
        <line num="51" count="69" type="stmt"/>
        <line num="52" count="69" type="stmt"/>
        <line num="53" count="69" type="stmt"/>
        <line num="54" count="69" type="stmt"/>
        <line num="55" count="69" type="stmt"/>
        <line num="56" count="69" type="stmt"/>
        <line num="58" count="69" type="stmt"/>
        <line num="59" count="69" type="stmt"/>
        <line num="60" count="69" type="stmt"/>
        <line num="62" count="69" type="stmt"/>
        <line num="63" count="69" type="stmt"/>
        <line num="64" count="69" type="stmt"/>
        <line num="65" count="69" type="stmt"/>
        <line num="66" count="69" type="stmt"/>
        <line num="67" count="69" type="stmt"/>
        <line num="68" count="69" type="stmt"/>
        <line num="69" count="69" type="stmt"/>
        <line num="70" count="69" type="stmt"/>
        <line num="71" count="69" type="stmt"/>
        <line num="73" count="69" type="stmt"/>
        <line num="74" count="69" type="stmt"/>
        <line num="75" count="69" type="stmt"/>
        <line num="76" count="69" type="stmt"/>
        <line num="77" count="69" type="stmt"/>
        <line num="78" count="69" type="stmt"/>
        <line num="79" count="69" type="stmt"/>
        <line num="80" count="69" type="stmt"/>
        <line num="81" count="69" type="stmt"/>
        <line num="82" count="69" type="stmt"/>
        <line num="83" count="69" type="stmt"/>
        <line num="84" count="69" type="stmt"/>
        <line num="85" count="69" type="stmt"/>
        <line num="86" count="69" type="stmt"/>
        <line num="87" count="69" type="cond" truecount="1" falsecount="0"/>
        <line num="88" count="69" type="stmt"/>
        <line num="89" count="69" type="stmt"/>
        <line num="90" count="69" type="stmt"/>
        <line num="91" count="69" type="stmt"/>
        <line num="92" count="69" type="stmt"/>
        <line num="93" count="69" type="stmt"/>
        <line num="94" count="69" type="stmt"/>
        <line num="95" count="69" type="stmt"/>
        <line num="96" count="69" type="stmt"/>
        <line num="97" count="69" type="stmt"/>
        <line num="98" count="69" type="stmt"/>
        <line num="99" count="69" type="stmt"/>
        <line num="101" count="69" type="stmt"/>
        <line num="102" count="69" type="stmt"/>
        <line num="103" count="69" type="stmt"/>
        <line num="104" count="69" type="stmt"/>
        <line num="105" count="69" type="stmt"/>
        <line num="106" count="69" type="stmt"/>
        <line num="107" count="69" type="stmt"/>
        <line num="108" count="69" type="stmt"/>
        <line num="109" count="69" type="stmt"/>
        <line num="110" count="69" type="stmt"/>
        <line num="111" count="69" type="stmt"/>
        <line num="112" count="69" type="stmt"/>
        <line num="113" count="69" type="stmt"/>
        <line num="114" count="69" type="stmt"/>
        <line num="115" count="69" type="cond" truecount="1" falsecount="0"/>
        <line num="116" count="69" type="stmt"/>
        <line num="117" count="69" type="stmt"/>
        <line num="118" count="69" type="stmt"/>
        <line num="119" count="69" type="stmt"/>
        <line num="120" count="69" type="stmt"/>
        <line num="121" count="69" type="stmt"/>
        <line num="122" count="69" type="stmt"/>
        <line num="123" count="69" type="stmt"/>
        <line num="124" count="69" type="stmt"/>
        <line num="125" count="69" type="stmt"/>
        <line num="126" count="69" type="stmt"/>
        <line num="127" count="69" type="stmt"/>
        <line num="129" count="69" type="stmt"/>
        <line num="130" count="69" type="stmt"/>
        <line num="131" count="69" type="stmt"/>
        <line num="132" count="69" type="stmt"/>
        <line num="133" count="69" type="stmt"/>
        <line num="134" count="69" type="stmt"/>
        <line num="135" count="69" type="stmt"/>
        <line num="136" count="69" type="stmt"/>
        <line num="137" count="69" type="stmt"/>
        <line num="138" count="69" type="stmt"/>
        <line num="139" count="69" type="stmt"/>
        <line num="140" count="69" type="stmt"/>
        <line num="141" count="69" type="stmt"/>
        <line num="142" count="69" type="stmt"/>
        <line num="143" count="69" type="cond" truecount="1" falsecount="0"/>
        <line num="144" count="69" type="stmt"/>
        <line num="145" count="69" type="stmt"/>
        <line num="146" count="69" type="stmt"/>
        <line num="147" count="69" type="stmt"/>
        <line num="148" count="69" type="stmt"/>
        <line num="149" count="69" type="stmt"/>
        <line num="150" count="69" type="stmt"/>
        <line num="152" count="69" type="stmt"/>
        <line num="153" count="69" type="stmt"/>
        <line num="155" count="69" type="stmt"/>
        <line num="156" count="69" type="stmt"/>
        <line num="157" count="69" type="stmt"/>
        <line num="158" count="69" type="stmt"/>
        <line num="160" count="69" type="stmt"/>
      </file>
    </package>
    <package name="contexts">
      <metrics statements="27" coveredstatements="23" conditionals="4" coveredconditionals="4" methods="6" coveredmethods="4"/>
      <file name="AuthContext.jsx" path="/Users/vt_op/Desktop/ai-code-review/client/src/contexts/AuthContext.jsx">
        <metrics statements="27" coveredstatements="23" conditionals="4" coveredconditionals="4" methods="6" coveredmethods="4"/>
        <line num="1" count="1" type="stmt"/>
        <line num="2" count="1" type="stmt"/>
        <line num="4" count="1" type="stmt"/>
        <line num="6" count="1" type="cond" truecount="1" falsecount="0"/>
        <line num="7" count="4" type="stmt"/>
        <line num="8" count="4" type="stmt"/>
        <line num="10" count="4" type="cond" truecount="1" falsecount="0"/>
        <line num="11" count="1" type="stmt"/>
        <line num="12" count="1" type="stmt"/>
        <line num="14" count="4" type="stmt"/>
        <line num="15" count="0" type="stmt"/>
        <line num="16" count="0" type="stmt"/>
        <line num="18" count="4" type="stmt"/>
        <line num="19" count="0" type="stmt"/>
        <line num="20" count="0" type="stmt"/>
        <line num="22" count="4" type="cond" truecount="1" falsecount="0"/>
        <line num="23" count="1" type="stmt"/>
        <line num="24" count="1" type="stmt"/>
        <line num="26" count="4" type="stmt"/>
        <line num="27" count="4" type="stmt"/>
        <line num="28" count="4" type="stmt"/>
        <line num="29" count="4" type="stmt"/>
        <line num="31" count="4" type="stmt"/>
        <line num="33" count="1" type="cond" truecount="1" falsecount="0"/>
        <line num="34" count="138" type="stmt"/>
        <line num="35" count="138" type="stmt"/>
        <line num="36" count="138" type="stmt"/>
      </file>
    </package>
    <package name="utils">
      <metrics statements="83" coveredstatements="20" conditionals="2" coveredconditionals="1" methods="8" coveredmethods="1"/>
      <file name="api.js" path="/Users/vt_op/Desktop/ai-code-review/client/src/utils/api.js">
        <metrics statements="74" coveredstatements="19" conditionals="2" coveredconditionals="1" methods="7" coveredmethods="1"/>
        <line num="1" count="1" type="stmt"/>
        <line num="2" count="1" type="stmt"/>
        <line num="4" count="1" type="stmt"/>
        <line num="6" count="1" type="stmt"/>
        <line num="7" count="0" type="stmt"/>
        <line num="8" count="0" type="stmt"/>
        <line num="9" count="0" type="stmt"/>
        <line num="10" count="0" type="stmt"/>
        <line num="11" count="0" type="stmt"/>
        <line num="12" count="0" type="stmt"/>
        <line num="13" count="0" type="stmt"/>
        <line num="14" count="0" type="stmt"/>
        <line num="15" count="0" type="stmt"/>
        <line num="17" count="0" type="stmt"/>
        <line num="18" count="0" type="stmt"/>
        <line num="19" count="0" type="stmt"/>
        <line num="20" count="0" type="stmt"/>
        <line num="21" count="0" type="stmt"/>
        <line num="23" count="1" type="cond" truecount="1" falsecount="0"/>
        <line num="24" count="1" type="stmt"/>
        <line num="25" count="1" type="stmt"/>
        <line num="26" count="1" type="stmt"/>
        <line num="27" count="1" type="stmt"/>
        <line num="28" count="1" type="stmt"/>
        <line num="29" count="1" type="stmt"/>
        <line num="31" count="1" type="stmt"/>
        <line num="32" count="1" type="cond" truecount="0" falsecount="1"/>
        <line num="33" count="0" type="stmt"/>
        <line num="34" count="0" type="stmt"/>
        <line num="35" count="1" type="stmt"/>
        <line num="37" count="1" type="stmt"/>
        <line num="38" count="0" type="stmt"/>
        <line num="39" count="0" type="stmt"/>
        <line num="40" count="0" type="stmt"/>
        <line num="41" count="0" type="stmt"/>
        <line num="42" count="0" type="stmt"/>
        <line num="44" count="0" type="stmt"/>
        <line num="45" count="0" type="stmt"/>
        <line num="46" count="0" type="stmt"/>
        <line num="47" count="0" type="stmt"/>
        <line num="48" count="0" type="stmt"/>
        <line num="50" count="1" type="stmt"/>
        <line num="51" count="0" type="stmt"/>
        <line num="52" count="0" type="stmt"/>
        <line num="53" count="0" type="stmt"/>
        <line num="54" count="0" type="stmt"/>
        <line num="56" count="0" type="stmt"/>
        <line num="58" count="0" type="stmt"/>
        <line num="59" count="0" type="stmt"/>
        <line num="60" count="0" type="stmt"/>
        <line num="61" count="0" type="stmt"/>
        <line num="62" count="0" type="stmt"/>
        <line num="64" count="1" type="stmt"/>
        <line num="65" count="0" type="stmt"/>
        <line num="66" count="0" type="stmt"/>
        <line num="67" count="0" type="stmt"/>
        <line num="68" count="0" type="stmt"/>
        <line num="69" count="0" type="stmt"/>
        <line num="71" count="0" type="stmt"/>
        <line num="72" count="0" type="stmt"/>
        <line num="73" count="0" type="stmt"/>
        <line num="74" count="0" type="stmt"/>
        <line num="75" count="0" type="stmt"/>
        <line num="77" count="1" type="stmt"/>
        <line num="78" count="0" type="stmt"/>
        <line num="79" count="0" type="stmt"/>
        <line num="80" count="0" type="stmt"/>
        <line num="81" count="0" type="stmt"/>
        <line num="83" count="0" type="stmt"/>
        <line num="84" count="0" type="stmt"/>
        <line num="86" count="1" type="stmt"/>
        <line num="87" count="0" type="stmt"/>
        <line num="89" count="0" type="stmt"/>
        <line num="90" count="0" type="stmt"/>
      </file>
      <file name="formatCode.js" path="/Users/vt_op/Desktop/ai-code-review/client/src/utils/formatCode.js">
        <metrics statements="9" coveredstatements="1" conditionals="0" coveredconditionals="0" methods="1" coveredmethods="0"/>
        <line num="1" count="1" type="stmt"/>
        <line num="2" count="0" type="stmt"/>
        <line num="3" count="0" type="stmt"/>
        <line num="4" count="0" type="stmt"/>
        <line num="5" count="0" type="stmt"/>
        <line num="6" count="0" type="stmt"/>
        <line num="7" count="0" type="stmt"/>
        <line num="9" count="0" type="stmt"/>
        <line num="10" count="0" type="stmt"/>
      </file>
    </package>
  </project>
</coverage>
